  [1m[36m (0.4ms)[0m  [1mselect owner_id, owner_type, name, value from spree_preferences where `key` is null[0m
SQLite3::SQLException: no such table: spree_preferences: select owner_id, owner_type, name, value from spree_preferences where `key` is null
  [1m[35m (0.1ms)[0m  select sqlite_version(*)
  [1m[36m (42.6ms)[0m  [1mCREATE TABLE "schema_migrations" ("version" varchar(255) NOT NULL) [0m
  [1m[35m (0.1ms)[0m  PRAGMA index_list("schema_migrations")
  [1m[36m (4.5ms)[0m  [1mCREATE UNIQUE INDEX "unique_schema_migrations" ON "schema_migrations" ("version")[0m
  [1m[35m (0.3ms)[0m  select sqlite_version(*)
  [1m[36m (0.1ms)[0m  [1mSELECT "schema_migrations"."version" FROM "schema_migrations" [0m
  [1m[35m (0.1ms)[0m  SELECT "schema_migrations"."version" FROM "schema_migrations" 
  [1m[36m (0.0ms)[0m  [1mselect sqlite_version(*)[0m
  [1m[35m (3.0ms)[0m  CREATE TABLE "schema_migrations" ("version" varchar(255) NOT NULL) 
  [1m[36m (0.0ms)[0m  [1mPRAGMA index_list("schema_migrations")[0m
  [1m[35m (5.2ms)[0m  CREATE UNIQUE INDEX "unique_schema_migrations" ON "schema_migrations" ("version")
  [1m[36m (0.1ms)[0m  [1mSELECT version FROM "schema_migrations"[0m
  [1m[35m (4.1ms)[0m  INSERT INTO "schema_migrations" (version) VALUES ('0')
  [1m[36m (0.4ms)[0m  [1mselect owner_id, owner_type, name, value from spree_preferences where `key` is null[0m
SQLite3::SQLException: no such table: spree_preferences: select owner_id, owner_type, name, value from spree_preferences where `key` is null


Started GET "/" for 127.0.0.1 at 2012-05-17 10:31:52 -0400
Processing by Spree::HomeController#index as HTML
  Rendered /Users/hugo/.rvm/gems/ruby-1.9.3-p0-falcon@hughandcrye/gems/spree_core-1.1.1/app/views/spree/shared/_taxonomies.html.erb (70.8ms)
  Rendered /Users/hugo/.rvm/gems/ruby-1.9.3-p0-falcon@hughandcrye/gems/spree_core-1.1.1/app/views/spree/home/index.html.erb within /spree/layouts/spree_application (80.7ms)
Completed 500 Internal Server Error in 353ms

ActionView::Template::Error (Could not find table 'spree_taxonomies'):
    1: <nav id="taxonomies" class="sidebar-item" data-hook>
    2:   <% get_taxonomies.each do |taxonomy| %>
    3:     <h6 class='taxonomy-root'><%= t(:shop_by_taxonomy, :taxonomy => taxonomy.name.singularize) %></h6>
    4:     <%= taxons_tree(taxonomy.root, @taxon, Spree::Config[:max_level_in_taxons_menu] || 1) %>
    5:   <% end %>
  activerecord (3.2.3) lib/active_record/connection_adapters/sqlite_adapter.rb:465:in `table_structure'
  activerecord (3.2.3) lib/active_record/connection_adapters/sqlite_adapter.rb:346:in `columns'
  activerecord (3.2.3) lib/active_record/connection_adapters/schema_cache.rb:12:in `block in initialize'
  activerecord (3.2.3) lib/active_record/model_schema.rb:228:in `yield'
  activerecord (3.2.3) lib/active_record/model_schema.rb:228:in `default'
  activerecord (3.2.3) lib/active_record/model_schema.rb:228:in `columns'
  activerecord (3.2.3) lib/active_record/model_schema.rb:237:in `columns_hash'
  activerecord (3.2.3) lib/active_record/locking/optimistic.rb:129:in `locking_enabled?'
  activerecord (3.2.3) lib/active_record/relation.rb:170:in `exec_queries'
  activerecord (3.2.3) lib/active_record/relation.rb:160:in `block in to_a'
  activerecord (3.2.3) lib/active_record/explain.rb:33:in `logging_query_plan'
  activerecord (3.2.3) lib/active_record/relation.rb:159:in `to_a'
  activerecord (3.2.3) lib/active_record/relation/delegation.rb:6:in `each'
  spree_core (1.1.1) app/views/spree/shared/_taxonomies.html.erb:2:in `_d41d8cd98f00b204e9800998ecf8427e____sers_hugo__rvm_gems_ruby_______p__falcon_hughandcrye_gems_spree_core_______app_views_spree_shared__taxonomies_html_erb___3436281211077790852_70134970258200'
  actionpack (3.2.3) lib/action_view/template.rb:143:in `block in render'
  activesupport (3.2.3) lib/active_support/notifications.rb:125:in `instrument'
  actionpack (3.2.3) lib/action_view/template.rb:141:in `render'
  deface (0.8.0) lib/deface/action_view_extensions.rb:30:in `render'
  actionpack (3.2.3) lib/action_view/renderer/partial_renderer.rb:265:in `render_partial'
  actionpack (3.2.3) lib/action_view/renderer/partial_renderer.rb:238:in `block in render'
  actionpack (3.2.3) lib/action_view/renderer/abstract_renderer.rb:38:in `block in instrument'
  activesupport (3.2.3) lib/active_support/notifications.rb:123:in `block in instrument'
  activesupport (3.2.3) lib/active_support/notifications/instrumenter.rb:20:in `instrument'
  activesupport (3.2.3) lib/active_support/notifications.rb:123:in `instrument'
  actionpack (3.2.3) lib/action_view/renderer/abstract_renderer.rb:38:in `instrument'
  actionpack (3.2.3) lib/action_view/renderer/partial_renderer.rb:237:in `render'
  actionpack (3.2.3) lib/action_view/renderer/renderer.rb:41:in `render_partial'
  actionpack (3.2.3) lib/action_view/renderer/renderer.rb:15:in `render'
  actionpack (3.2.3) lib/action_view/helpers/rendering_helper.rb:24:in `render'
  spree_core (1.1.1) app/views/spree/home/index.html.erb:3:in `block in _d41d8cd98f00b204e9800998ecf8427e____sers_hugo__rvm_gems_ruby_______p__falcon_hughandcrye_gems_spree_core_______app_views_spree_home_index_html_erb__2061201756618984812_70135019987240'
  actionpack (3.2.3) lib/action_view/helpers/capture_helper.rb:40:in `block in capture'
  actionpack (3.2.3) lib/action_view/helpers/capture_helper.rb:187:in `with_output_buffer'
  actionpack (3.2.3) lib/action_view/helpers/capture_helper.rb:40:in `capture'
  actionpack (3.2.3) lib/action_view/helpers/capture_helper.rb:138:in `content_for'
  spree_core (1.1.1) app/views/spree/home/index.html.erb:1:in `_d41d8cd98f00b204e9800998ecf8427e____sers_hugo__rvm_gems_ruby_______p__falcon_hughandcrye_gems_spree_core_______app_views_spree_home_index_html_erb__2061201756618984812_70135019987240'
  actionpack (3.2.3) lib/action_view/template.rb:143:in `block in render'
  activesupport (3.2.3) lib/active_support/notifications.rb:125:in `instrument'
  actionpack (3.2.3) lib/action_view/template.rb:141:in `render'
  deface (0.8.0) lib/deface/action_view_extensions.rb:30:in `render'
  actionpack (3.2.3) lib/action_view/renderer/template_renderer.rb:47:in `block (2 levels) in render_template'
  actionpack (3.2.3) lib/action_view/renderer/abstract_renderer.rb:38:in `block in instrument'
  activesupport (3.2.3) lib/active_support/notifications.rb:123:in `block in instrument'
  activesupport (3.2.3) lib/active_support/notifications/instrumenter.rb:20:in `instrument'
  activesupport (3.2.3) lib/active_support/notifications.rb:123:in `instrument'
  actionpack (3.2.3) lib/action_view/renderer/abstract_renderer.rb:38:in `instrument'
  actionpack (3.2.3) lib/action_view/renderer/template_renderer.rb:46:in `block in render_template'
  actionpack (3.2.3) lib/action_view/renderer/template_renderer.rb:54:in `render_with_layout'
  actionpack (3.2.3) lib/action_view/renderer/template_renderer.rb:45:in `render_template'
  actionpack (3.2.3) lib/action_view/renderer/template_renderer.rb:18:in `render'
  actionpack (3.2.3) lib/action_view/renderer/renderer.rb:36:in `render_template'
  actionpack (3.2.3) lib/action_view/renderer/renderer.rb:17:in `render'
  actionpack (3.2.3) lib/abstract_controller/rendering.rb:110:in `_render_template'
  actionpack (3.2.3) lib/action_controller/metal/streaming.rb:225:in `_render_template'
  actionpack (3.2.3) lib/abstract_controller/rendering.rb:103:in `render_to_body'
  actionpack (3.2.3) lib/action_controller/metal/renderers.rb:28:in `render_to_body'
  actionpack (3.2.3) lib/action_controller/metal/compatibility.rb:50:in `render_to_body'
  actionpack (3.2.3) lib/abstract_controller/rendering.rb:88:in `render'
  actionpack (3.2.3) lib/action_controller/metal/rendering.rb:16:in `render'
  actionpack (3.2.3) lib/action_controller/metal/instrumentation.rb:40:in `block (2 levels) in render'
  activesupport (3.2.3) lib/active_support/core_ext/benchmark.rb:5:in `block in ms'
  /Users/hugo/.rvm/rubies/ruby-1.9.3-p0-falcon/lib/ruby/1.9.1/benchmark.rb:295:in `realtime'
  activesupport (3.2.3) lib/active_support/core_ext/benchmark.rb:5:in `ms'
  actionpack (3.2.3) lib/action_controller/metal/instrumentation.rb:40:in `block in render'
  actionpack (3.2.3) lib/action_controller/metal/instrumentation.rb:83:in `cleanup_view_runtime'
  activerecord (3.2.3) lib/active_record/railties/controller_runtime.rb:24:in `cleanup_view_runtime'
  actionpack (3.2.3) lib/action_controller/metal/instrumentation.rb:39:in `render'
  actionpack (3.2.3) lib/action_controller/metal/implicit_render.rb:10:in `default_render'
  actionpack (3.2.3) lib/action_controller/metal/responder.rb:232:in `default_render'
  actionpack (3.2.3) lib/action_controller/metal/responder.rb:160:in `to_html'
  spree_core (1.1.1) lib/spree/core/responder.rb:19:in `to_html'
  actionpack (3.2.3) lib/action_controller/metal/responder.rb:153:in `respond'
  actionpack (3.2.3) lib/action_controller/metal/responder.rb:146:in `call'
  spree_core (1.1.1) lib/spree/core/respond_with.rb:20:in `respond_with'
  spree_core (1.1.1) app/controllers/spree/home_controller.rb:9:in `index'
  actionpack (3.2.3) lib/action_controller/metal/implicit_render.rb:4:in `send_action'
  actionpack (3.2.3) lib/abstract_controller/base.rb:167:in `process_action'
  actionpack (3.2.3) lib/action_controller/metal/rendering.rb:10:in `process_action'
  actionpack (3.2.3) lib/abstract_controller/callbacks.rb:18:in `block in process_action'
  activesupport (3.2.3) lib/active_support/callbacks.rb:447:in `_run__2094478004367261306__process_action__4086985045809730943__callbacks'
  activesupport (3.2.3) lib/active_support/callbacks.rb:405:in `__run_callback'
  activesupport (3.2.3) lib/active_support/callbacks.rb:385:in `_run_process_action_callbacks'
  activesupport (3.2.3) lib/active_support/callbacks.rb:81:in `run_callbacks'
  actionpack (3.2.3) lib/abstract_controller/callbacks.rb:17:in `process_action'
  actionpack (3.2.3) lib/action_controller/metal/rescue.rb:29:in `process_action'
  actionpack (3.2.3) lib/action_controller/metal/instrumentation.rb:30:in `block in process_action'
  activesupport (3.2.3) lib/active_support/notifications.rb:123:in `block in instrument'
  activesupport (3.2.3) lib/active_support/notifications/instrumenter.rb:20:in `instrument'
  activesupport (3.2.3) lib/active_support/notifications.rb:123:in `instrument'
  actionpack (3.2.3) lib/action_controller/metal/instrumentation.rb:29:in `process_action'
  actionpack (3.2.3) lib/action_controller/metal/params_wrapper.rb:205:in `process_action'
  activerecord (3.2.3) lib/active_record/railties/controller_runtime.rb:18:in `process_action'
  actionpack (3.2.3) lib/abstract_controller/base.rb:121:in `process'
  actionpack (3.2.3) lib/abstract_controller/rendering.rb:45:in `process'
  actionpack (3.2.3) lib/action_controller/metal.rb:203:in `dispatch'
  actionpack (3.2.3) lib/action_controller/metal/rack_delegation.rb:14:in `dispatch'
  actionpack (3.2.3) lib/action_controller/metal.rb:246:in `block in action'
  actionpack (3.2.3) lib/action_dispatch/routing/route_set.rb:73:in `call'
  actionpack (3.2.3) lib/action_dispatch/routing/route_set.rb:73:in `dispatch'
  actionpack (3.2.3) lib/action_dispatch/routing/route_set.rb:36:in `call'
  journey (1.0.3) lib/journey/router.rb:68:in `block in call'
  journey (1.0.3) lib/journey/router.rb:56:in `each'
  journey (1.0.3) lib/journey/router.rb:56:in `call'
  actionpack (3.2.3) lib/action_dispatch/routing/route_set.rb:600:in `call'
  spree_core (1.1.1) lib/spree/core/middleware/redirect_legacy_product_url.rb:13:in `call'
  spree_core (1.1.1) lib/spree/core/middleware/seo_assist.rb:27:in `call'
  railties (3.2.3) lib/rails/engine.rb:479:in `call'
  railties (3.2.3) lib/rails/railtie/configurable.rb:30:in `method_missing'
  journey (1.0.3) lib/journey/router.rb:68:in `block in call'
  journey (1.0.3) lib/journey/router.rb:56:in `each'
  journey (1.0.3) lib/journey/router.rb:56:in `call'
  actionpack (3.2.3) lib/action_dispatch/routing/route_set.rb:600:in `call'
  actionpack (3.2.3) lib/action_dispatch/middleware/best_standards_support.rb:17:in `call'
  rack (1.4.1) lib/rack/etag.rb:23:in `call'
  rack (1.4.1) lib/rack/conditionalget.rb:25:in `call'
  actionpack (3.2.3) lib/action_dispatch/middleware/head.rb:14:in `call'
  actionpack (3.2.3) lib/action_dispatch/middleware/params_parser.rb:21:in `call'
  actionpack (3.2.3) lib/action_dispatch/middleware/flash.rb:242:in `call'
  rack (1.4.1) lib/rack/session/abstract/id.rb:205:in `context'
  rack (1.4.1) lib/rack/session/abstract/id.rb:200:in `call'
  actionpack (3.2.3) lib/action_dispatch/middleware/cookies.rb:338:in `call'
  activerecord (3.2.3) lib/active_record/query_cache.rb:64:in `call'
  activerecord (3.2.3) lib/active_record/connection_adapters/abstract/connection_pool.rb:467:in `call'
  actionpack (3.2.3) lib/action_dispatch/middleware/callbacks.rb:28:in `block in call'
  activesupport (3.2.3) lib/active_support/callbacks.rb:405:in `_run__2026861204011491027__call__818937631948161890__callbacks'
  activesupport (3.2.3) lib/active_support/callbacks.rb:405:in `__run_callback'
  activesupport (3.2.3) lib/active_support/callbacks.rb:385:in `_run_call_callbacks'
  activesupport (3.2.3) lib/active_support/callbacks.rb:81:in `run_callbacks'
  actionpack (3.2.3) lib/action_dispatch/middleware/callbacks.rb:27:in `call'
  actionpack (3.2.3) lib/action_dispatch/middleware/reloader.rb:65:in `call'
  actionpack (3.2.3) lib/action_dispatch/middleware/remote_ip.rb:31:in `call'
  actionpack (3.2.3) lib/action_dispatch/middleware/debug_exceptions.rb:16:in `call'
  actionpack (3.2.3) lib/action_dispatch/middleware/show_exceptions.rb:56:in `call'
  railties (3.2.3) lib/rails/rack/logger.rb:26:in `call_app'
  railties (3.2.3) lib/rails/rack/logger.rb:16:in `call'
  actionpack (3.2.3) lib/action_dispatch/middleware/request_id.rb:22:in `call'
  rack (1.4.1) lib/rack/methodoverride.rb:21:in `call'
  rack (1.4.1) lib/rack/runtime.rb:17:in `call'
  activesupport (3.2.3) lib/active_support/cache/strategy/local_cache.rb:72:in `call'
  rack (1.4.1) lib/rack/lock.rb:15:in `call'
  actionpack (3.2.3) lib/action_dispatch/middleware/static.rb:62:in `call'
  railties (3.2.3) lib/rails/engine.rb:479:in `call'
  railties (3.2.3) lib/rails/application.rb:220:in `call'
  rack (1.4.1) lib/rack/content_length.rb:14:in `call'
  railties (3.2.3) lib/rails/rack/log_tailer.rb:14:in `call'
  rack (1.4.1) lib/rack/handler/webrick.rb:59:in `service'
  /Users/hugo/.rvm/rubies/ruby-1.9.3-p0-falcon/lib/ruby/1.9.1/webrick/httpserver.rb:138:in `service'
  /Users/hugo/.rvm/rubies/ruby-1.9.3-p0-falcon/lib/ruby/1.9.1/webrick/httpserver.rb:94:in `run'
  /Users/hugo/.rvm/rubies/ruby-1.9.3-p0-falcon/lib/ruby/1.9.1/webrick/server.rb:191:in `block in start_thread'


  Rendered /Users/hugo/.rvm/gems/ruby-1.9.3-p0-falcon@hughandcrye/gems/actionpack-3.2.3/lib/action_dispatch/middleware/templates/rescues/_trace.erb (4.8ms)
  Rendered /Users/hugo/.rvm/gems/ruby-1.9.3-p0-falcon@hughandcrye/gems/actionpack-3.2.3/lib/action_dispatch/middleware/templates/rescues/_request_and_response.erb (1.1ms)
  Rendered /Users/hugo/.rvm/gems/ruby-1.9.3-p0-falcon@hughandcrye/gems/actionpack-3.2.3/lib/action_dispatch/middleware/templates/rescues/template_error.erb within rescues/layout (13.3ms)
